2016-01-20 00:47:58,553 - Log4JLogChute initialized using file 'velocity.log'
2016-01-20 00:47:58,553 - Velocity not initialized yet. Calling init()...
2016-01-20 00:47:58,553 - Starting Apache Velocity v1.5 (compiled: 2007-02-22 08:52:29)
2016-01-20 00:47:58,553 - Default Properties File: org/apache/velocity/runtime/defaults/velocity.properties
2016-01-20 00:47:58,553 - Trying to use logger class org.apache.velocity.runtime.log.AvalonLogChute
2016-01-20 00:47:58,553 - Couldn't find class org.apache.velocity.runtime.log.AvalonLogChute or necessary supporting classes in classpath.
java.lang.NoClassDefFoundError: org/apache/log/format/Formatter
	at java.lang.Class.forName0(Native Method)
	at java.lang.Class.forName(Class.java:348)
	at org.apache.velocity.util.ClassUtils.getClass(ClassUtils.java:63)
	at org.apache.velocity.util.ClassUtils.getNewInstance(ClassUtils.java:95)
	at org.apache.velocity.runtime.log.LogManager.createLogChute(LogManager.java:147)
	at org.apache.velocity.runtime.log.LogManager.updateLog(LogManager.java:208)
	at org.apache.velocity.runtime.RuntimeInstance.initializeLog(RuntimeInstance.java:728)
	at org.apache.velocity.runtime.RuntimeInstance.init(RuntimeInstance.java:240)
	at org.apache.velocity.runtime.RuntimeInstance.getTemplate(RuntimeInstance.java:1099)
	at org.apache.velocity.app.VelocityEngine.mergeTemplate(VelocityEngine.java:498)
	at org.apache.velocity.app.VelocityEngine.mergeTemplate(VelocityEngine.java:473)
	at org.springframework.ui.velocity.VelocityEngineUtils.mergeTemplate(VelocityEngineUtils.java:53)
	at org.springframework.ui.velocity.VelocityEngineUtils.mergeTemplateIntoString(VelocityEngineUtils.java:92)
	at com.oshippa.auth.mail.MailSenderServiceImpl$1.prepare(MailSenderServiceImpl.java:91)
	at com.oshippa.auth.mail.InMemoryJavaMailSender.send(InMemoryJavaMailSender.java:44)
	at com.oshippa.auth.mail.MailSenderServiceImpl.sendVerificationEmail(MailSenderServiceImpl.java:99)
	at com.oshippa.auth.mail.MailSenderServiceImpl.sendRegistrationEmail(MailSenderServiceImpl.java:64)
	at com.oshippa.auth.user.VerificationTokenServiceImpl.sendEmailRegistrationToken(VerificationTokenServiceImpl.java:89)
	at sun.reflect.NativeMethodAccessorImpl.invoke0(Native Method)
	at sun.reflect.NativeMethodAccessorImpl.invoke(NativeMethodAccessorImpl.java:62)
	at sun.reflect.DelegatingMethodAccessorImpl.invoke(DelegatingMethodAccessorImpl.java:43)
	at java.lang.reflect.Method.invoke(Method.java:497)
	at org.springframework.aop.support.AopUtils.invokeJoinpointUsingReflection(AopUtils.java:317)
	at org.springframework.aop.framework.ReflectiveMethodInvocation.invokeJoinpoint(ReflectiveMethodInvocation.java:190)
	at org.springframework.aop.framework.ReflectiveMethodInvocation.proceed(ReflectiveMethodInvocation.java:157)
	at org.springframework.aop.interceptor.AsyncExecutionInterceptor$1.call(AsyncExecutionInterceptor.java:110)
	at java.util.concurrent.FutureTask.run(FutureTask.java:266)
	at java.lang.Thread.run(Thread.java:745)
Caused by: java.lang.ClassNotFoundException: org.apache.log.format.Formatter
	at org.codehaus.plexus.classworlds.strategy.SelfFirstStrategy.loadClass(SelfFirstStrategy.java:50)
	at org.codehaus.plexus.classworlds.realm.ClassRealm.loadClass(ClassRealm.java:244)
	at org.codehaus.plexus.classworlds.realm.ClassRealm.loadClass(ClassRealm.java:230)
	at org.eclipse.jetty.webapp.WebAppClassLoader.loadClass(WebAppClassLoader.java:466)
	at org.eclipse.jetty.webapp.WebAppClassLoader.loadClass(WebAppClassLoader.java:417)
	... 28 more
2016-01-20 00:47:58,555 - Trying to use logger class org.apache.velocity.runtime.log.Log4JLogChute
2016-01-20 00:47:58,555 - Using logger class org.apache.velocity.runtime.log.Log4JLogChute
2016-01-20 00:47:58,556 - Default ResourceManager initializing. (class org.apache.velocity.runtime.resource.ResourceManagerImpl)
2016-01-20 00:47:58,557 - ResourceLoader instantiated: org.apache.velocity.runtime.resource.loader.ClasspathResourceLoader
2016-01-20 00:47:58,566 - ResourceCache: initialized (class org.apache.velocity.runtime.resource.ResourceCacheImpl)
2016-01-20 00:47:58,567 - Loaded System Directive: org.apache.velocity.runtime.directive.Literal
2016-01-20 00:47:58,569 - Loaded System Directive: org.apache.velocity.runtime.directive.Macro
2016-01-20 00:47:58,570 - Loaded System Directive: org.apache.velocity.runtime.directive.Parse
2016-01-20 00:47:58,571 - Loaded System Directive: org.apache.velocity.runtime.directive.Include
2016-01-20 00:47:58,572 - Loaded System Directive: org.apache.velocity.runtime.directive.Foreach
2016-01-20 00:47:58,600 - Created '20' parsers.
2016-01-20 00:47:58,605 - Velocimacro : "velocimacro.library" is not set.  Trying default library: VM_global_library.vm
2016-01-20 00:47:58,606 - Velocimacro : Default library not found.
2016-01-20 00:47:58,606 - Velocimacro : allowInline = true : VMs can be defined inline in templates
2016-01-20 00:47:58,606 - Velocimacro : allowInlineToOverride = false : VMs defined inline may NOT replace previous VM definitions
2016-01-20 00:47:58,606 - Velocimacro : allowInlineLocal = false : VMs defined inline will be global in scope if allowed.
2016-01-20 00:47:58,606 - Velocimacro : autoload off : VM system will not automatically reload global library macros
2016-01-20 00:47:58,618 - ResourceManager : found META-INF/velocity/RegistrationEmail.vm with loader org.apache.velocity.runtime.resource.loader.ClasspathResourceLoader
2016-01-23 18:06:36,989 - Log4JLogChute initialized using file 'velocity.log'
2016-01-23 18:06:36,991 - Velocity not initialized yet. Calling init()...
2016-01-23 18:06:36,992 - Starting Apache Velocity v1.5 (compiled: 2007-02-22 08:52:29)
2016-01-23 18:06:36,992 - Default Properties File: org/apache/velocity/runtime/defaults/velocity.properties
2016-01-23 18:06:36,992 - Trying to use logger class org.apache.velocity.runtime.log.AvalonLogChute
2016-01-23 18:06:36,992 - Couldn't find class org.apache.velocity.runtime.log.AvalonLogChute or necessary supporting classes in classpath.
java.lang.NoClassDefFoundError: org/apache/log/format/Formatter
	at java.lang.Class.forName0(Native Method)
	at java.lang.Class.forName(Class.java:348)
	at org.apache.velocity.util.ClassUtils.getClass(ClassUtils.java:63)
	at org.apache.velocity.util.ClassUtils.getNewInstance(ClassUtils.java:95)
	at org.apache.velocity.runtime.log.LogManager.createLogChute(LogManager.java:147)
	at org.apache.velocity.runtime.log.LogManager.updateLog(LogManager.java:208)
	at org.apache.velocity.runtime.RuntimeInstance.initializeLog(RuntimeInstance.java:728)
	at org.apache.velocity.runtime.RuntimeInstance.init(RuntimeInstance.java:240)
	at org.apache.velocity.runtime.RuntimeInstance.getTemplate(RuntimeInstance.java:1099)
	at org.apache.velocity.app.VelocityEngine.mergeTemplate(VelocityEngine.java:498)
	at org.apache.velocity.app.VelocityEngine.mergeTemplate(VelocityEngine.java:473)
	at org.springframework.ui.velocity.VelocityEngineUtils.mergeTemplate(VelocityEngineUtils.java:53)
	at org.springframework.ui.velocity.VelocityEngineUtils.mergeTemplateIntoString(VelocityEngineUtils.java:92)
	at com.oshippa.auth.mail.MailSenderServiceImpl$1.prepare(MailSenderServiceImpl.java:91)
	at com.oshippa.auth.mail.InMemoryJavaMailSender.send(InMemoryJavaMailSender.java:44)
	at com.oshippa.auth.mail.MailSenderServiceImpl.sendVerificationEmail(MailSenderServiceImpl.java:99)
	at com.oshippa.auth.mail.MailSenderServiceImpl.sendRegistrationEmail(MailSenderServiceImpl.java:64)
	at com.oshippa.auth.user.VerificationTokenServiceImpl.sendEmailRegistrationToken(VerificationTokenServiceImpl.java:89)
	at sun.reflect.NativeMethodAccessorImpl.invoke0(Native Method)
	at sun.reflect.NativeMethodAccessorImpl.invoke(NativeMethodAccessorImpl.java:62)
	at sun.reflect.DelegatingMethodAccessorImpl.invoke(DelegatingMethodAccessorImpl.java:43)
	at java.lang.reflect.Method.invoke(Method.java:497)
	at org.springframework.aop.support.AopUtils.invokeJoinpointUsingReflection(AopUtils.java:317)
	at org.springframework.aop.framework.ReflectiveMethodInvocation.invokeJoinpoint(ReflectiveMethodInvocation.java:190)
	at org.springframework.aop.framework.ReflectiveMethodInvocation.proceed(ReflectiveMethodInvocation.java:157)
	at org.springframework.aop.interceptor.AsyncExecutionInterceptor$1.call(AsyncExecutionInterceptor.java:110)
	at java.util.concurrent.FutureTask.run(FutureTask.java:266)
	at java.lang.Thread.run(Thread.java:745)
Caused by: java.lang.ClassNotFoundException: org.apache.log.format.Formatter
	at org.codehaus.plexus.classworlds.strategy.SelfFirstStrategy.loadClass(SelfFirstStrategy.java:50)
	at org.codehaus.plexus.classworlds.realm.ClassRealm.loadClass(ClassRealm.java:244)
	at org.codehaus.plexus.classworlds.realm.ClassRealm.loadClass(ClassRealm.java:230)
	at org.eclipse.jetty.webapp.WebAppClassLoader.loadClass(WebAppClassLoader.java:466)
	at org.eclipse.jetty.webapp.WebAppClassLoader.loadClass(WebAppClassLoader.java:417)
	... 28 more
2016-01-23 18:06:36,993 - Trying to use logger class org.apache.velocity.runtime.log.Log4JLogChute
2016-01-23 18:06:36,993 - Using logger class org.apache.velocity.runtime.log.Log4JLogChute
2016-01-23 18:06:36,995 - Default ResourceManager initializing. (class org.apache.velocity.runtime.resource.ResourceManagerImpl)
2016-01-23 18:06:36,998 - ResourceLoader instantiated: org.apache.velocity.runtime.resource.loader.ClasspathResourceLoader
2016-01-23 18:06:37,016 - ResourceCache: initialized (class org.apache.velocity.runtime.resource.ResourceCacheImpl)
2016-01-23 18:06:37,018 - Loaded System Directive: org.apache.velocity.runtime.directive.Literal
2016-01-23 18:06:37,024 - Loaded System Directive: org.apache.velocity.runtime.directive.Macro
2016-01-23 18:06:37,026 - Loaded System Directive: org.apache.velocity.runtime.directive.Parse
2016-01-23 18:06:37,029 - Loaded System Directive: org.apache.velocity.runtime.directive.Include
2016-01-23 18:06:37,030 - Loaded System Directive: org.apache.velocity.runtime.directive.Foreach
2016-01-23 18:06:37,079 - Created '20' parsers.
2016-01-23 18:06:37,093 - Velocimacro : "velocimacro.library" is not set.  Trying default library: VM_global_library.vm
2016-01-23 18:06:37,094 - Velocimacro : Default library not found.
2016-01-23 18:06:37,094 - Velocimacro : allowInline = true : VMs can be defined inline in templates
2016-01-23 18:06:37,094 - Velocimacro : allowInlineToOverride = false : VMs defined inline may NOT replace previous VM definitions
2016-01-23 18:06:37,094 - Velocimacro : allowInlineLocal = false : VMs defined inline will be global in scope if allowed.
2016-01-23 18:06:37,094 - Velocimacro : autoload off : VM system will not automatically reload global library macros
2016-01-23 18:06:37,113 - ResourceManager : found META-INF/velocity/RegistrationEmail.vm with loader org.apache.velocity.runtime.resource.loader.ClasspathResourceLoader
2016-01-23 18:09:50,341 - ResourceManager : found META-INF/velocity/RegistrationEmail.vm with loader org.apache.velocity.runtime.resource.loader.ClasspathResourceLoader
2016-01-26 13:04:41,488 - Log4JLogChute initialized using file 'velocity.log'
2016-01-26 13:04:41,490 - Velocity not initialized yet. Calling init()...
2016-01-26 13:04:41,490 - Starting Apache Velocity v1.5 (compiled: 2007-02-22 08:52:29)
2016-01-26 13:04:41,490 - Default Properties File: org/apache/velocity/runtime/defaults/velocity.properties
2016-01-26 13:04:41,490 - Trying to use logger class org.apache.velocity.runtime.log.AvalonLogChute
2016-01-26 13:04:41,490 - Couldn't find class org.apache.velocity.runtime.log.AvalonLogChute or necessary supporting classes in classpath.
java.lang.NoClassDefFoundError: org/apache/log/format/Formatter
	at java.lang.Class.forName0(Native Method)
	at java.lang.Class.forName(Class.java:348)
	at org.apache.velocity.util.ClassUtils.getClass(ClassUtils.java:63)
	at org.apache.velocity.util.ClassUtils.getNewInstance(ClassUtils.java:95)
	at org.apache.velocity.runtime.log.LogManager.createLogChute(LogManager.java:147)
	at org.apache.velocity.runtime.log.LogManager.updateLog(LogManager.java:208)
	at org.apache.velocity.runtime.RuntimeInstance.initializeLog(RuntimeInstance.java:728)
	at org.apache.velocity.runtime.RuntimeInstance.init(RuntimeInstance.java:240)
	at org.apache.velocity.runtime.RuntimeInstance.getTemplate(RuntimeInstance.java:1099)
	at org.apache.velocity.app.VelocityEngine.mergeTemplate(VelocityEngine.java:498)
	at org.apache.velocity.app.VelocityEngine.mergeTemplate(VelocityEngine.java:473)
	at org.springframework.ui.velocity.VelocityEngineUtils.mergeTemplate(VelocityEngineUtils.java:53)
	at org.springframework.ui.velocity.VelocityEngineUtils.mergeTemplateIntoString(VelocityEngineUtils.java:92)
	at com.oshippa.auth.mail.MailSenderServiceImpl$1.prepare(MailSenderServiceImpl.java:91)
	at com.oshippa.auth.mail.InMemoryJavaMailSender.send(InMemoryJavaMailSender.java:44)
	at com.oshippa.auth.mail.MailSenderServiceImpl.sendVerificationEmail(MailSenderServiceImpl.java:99)
	at com.oshippa.auth.mail.MailSenderServiceImpl.sendRegistrationEmail(MailSenderServiceImpl.java:64)
	at com.oshippa.auth.user.VerificationTokenServiceImpl.sendEmailRegistrationToken(VerificationTokenServiceImpl.java:89)
	at sun.reflect.NativeMethodAccessorImpl.invoke0(Native Method)
	at sun.reflect.NativeMethodAccessorImpl.invoke(NativeMethodAccessorImpl.java:62)
	at sun.reflect.DelegatingMethodAccessorImpl.invoke(DelegatingMethodAccessorImpl.java:43)
	at java.lang.reflect.Method.invoke(Method.java:497)
	at org.springframework.aop.support.AopUtils.invokeJoinpointUsingReflection(AopUtils.java:317)
	at org.springframework.aop.framework.ReflectiveMethodInvocation.invokeJoinpoint(ReflectiveMethodInvocation.java:190)
	at org.springframework.aop.framework.ReflectiveMethodInvocation.proceed(ReflectiveMethodInvocation.java:157)
	at org.springframework.aop.interceptor.AsyncExecutionInterceptor$1.call(AsyncExecutionInterceptor.java:110)
	at java.util.concurrent.FutureTask.run(FutureTask.java:266)
	at java.lang.Thread.run(Thread.java:745)
Caused by: java.lang.ClassNotFoundException: org.apache.log.format.Formatter
	at org.codehaus.plexus.classworlds.strategy.SelfFirstStrategy.loadClass(SelfFirstStrategy.java:50)
	at org.codehaus.plexus.classworlds.realm.ClassRealm.loadClass(ClassRealm.java:244)
	at org.codehaus.plexus.classworlds.realm.ClassRealm.loadClass(ClassRealm.java:230)
	at org.eclipse.jetty.webapp.WebAppClassLoader.loadClass(WebAppClassLoader.java:466)
	at org.eclipse.jetty.webapp.WebAppClassLoader.loadClass(WebAppClassLoader.java:417)
	... 28 more
2016-01-26 13:04:41,492 - Trying to use logger class org.apache.velocity.runtime.log.Log4JLogChute
2016-01-26 13:04:41,492 - Using logger class org.apache.velocity.runtime.log.Log4JLogChute
2016-01-26 13:04:41,494 - Default ResourceManager initializing. (class org.apache.velocity.runtime.resource.ResourceManagerImpl)
2016-01-26 13:04:41,496 - ResourceLoader instantiated: org.apache.velocity.runtime.resource.loader.ClasspathResourceLoader
2016-01-26 13:04:41,508 - ResourceCache: initialized (class org.apache.velocity.runtime.resource.ResourceCacheImpl)
2016-01-26 13:04:41,510 - Loaded System Directive: org.apache.velocity.runtime.directive.Literal
2016-01-26 13:04:41,513 - Loaded System Directive: org.apache.velocity.runtime.directive.Macro
2016-01-26 13:04:41,515 - Loaded System Directive: org.apache.velocity.runtime.directive.Parse
2016-01-26 13:04:41,516 - Loaded System Directive: org.apache.velocity.runtime.directive.Include
2016-01-26 13:04:41,517 - Loaded System Directive: org.apache.velocity.runtime.directive.Foreach
2016-01-26 13:04:41,562 - Created '20' parsers.
2016-01-26 13:04:41,574 - Velocimacro : "velocimacro.library" is not set.  Trying default library: VM_global_library.vm
2016-01-26 13:04:41,576 - Velocimacro : Default library not found.
2016-01-26 13:04:41,576 - Velocimacro : allowInline = true : VMs can be defined inline in templates
2016-01-26 13:04:41,576 - Velocimacro : allowInlineToOverride = false : VMs defined inline may NOT replace previous VM definitions
2016-01-26 13:04:41,576 - Velocimacro : allowInlineLocal = false : VMs defined inline will be global in scope if allowed.
2016-01-26 13:04:41,576 - Velocimacro : autoload off : VM system will not automatically reload global library macros
2016-01-26 13:04:41,603 - ResourceManager : found META-INF/velocity/RegistrationEmail.vm with loader org.apache.velocity.runtime.resource.loader.ClasspathResourceLoader
